./include/MatchFactory.cuh(13): error: expected a declaration

./include/KDTree.cuh(60): warning: parsing restarts here after previous syntax error

./include/KDTree.cuh(93): error: vector is not a template

./include/KDTree.cuh(100): error: vector is not a template

./include/MatchFactory.cuh(15): error: expected a declaration

./include/MatchFactory.cuh(17): warning: a user-provided literal suffix must begin with "_"

./include/MatchFactory.cuh(46): warning: parsing restarts here after previous syntax error

./include/MatchFactory.cuh(47): error: explicit type is missing ("int" assumed)

./include/MatchFactory.cuh(47): error: expected a "{"

./include/MatchFactory.cuh(47): warning: missing return statement at end of non-void function "match_dist_thresholder"

./include/MatchFactory.cuh(49): error: "operator()" must be a member function

./include/MatchFactory.cuh(49): error: identifier "DMatch" is undefined

./include/MatchFactory.cuh(50): error: identifier "threshold" is undefined

./include/MatchFactory.cuh(52): error: expected a declaration

./include/MatchFactory.cuh(59): error: identifier "DMatch" is undefined

./include/MatchFactory.cuh(59): error: identifier "DMatch" is undefined

./include/MatchFactory.cuh(63): error: expected a declaration

./include/MatchFactory.cuh(110): warning: parsing restarts here after previous syntax error

./include/MatchFactory.cuh(119): error: identifier "Match" is undefined

./include/MatchFactory.cuh(127): error: identifier "DMatch" is undefined

./include/MatchFactory.cuh(135): error: declaration is incompatible with "void validateMatches(ssrlcv::ptr::value<ssrlcv::Unity<<error-type>>>)"
(119): here

./include/MatchFactory.cuh(135): error: incomplete type is not allowed

./include/MatchFactory.cuh(135): error: identifier "Unity" is undefined

./include/MatchFactory.cuh(135): error: identifier "FeatureMatch" is undefined

./include/MatchFactory.cuh(135): error: identifier "T" is undefined

./include/MatchFactory.cuh(135): error: identifier "matches" is undefined

./include/MatchFactory.cuh(143): error: identifier "uint2_pair" is undefined

./include/MatchFactory.cuh(143): error: declaration is incompatible with "<error-type> validateMatches"
(135): here

./include/MatchFactory.cuh(154): error: identifier "DMatch" is undefined

./include/MatchFactory.cuh(164): error: declaration is incompatible with "void refineMatches(ssrlcv::ptr::value<ssrlcv::Unity<<error-type>>>, float)"
(154): here

./include/MatchFactory.cuh(164): error: incomplete type is not allowed

./include/MatchFactory.cuh(164): error: expected a ")"

./include/MatchFactory.cuh(171): error: identifier "DMatch" is undefined

./include/MatchFactory.cuh(177): error: declaration is incompatible with "void sortMatches(ssrlcv::ptr::value<ssrlcv::Unity<<error-type>>>)"
(171): here

./include/MatchFactory.cuh(177): error: incomplete type is not allowed

./include/MatchFactory.cuh(186): error: identifier "Match" is undefined

./include/MatchFactory.cuh(186): error: identifier "DMatch" is undefined

./include/MatchFactory.cuh(195): error: identifier "Match" is undefined

./include/MatchFactory.cuh(195): error: declaration is incompatible with "ssrlcv::ptr::value<ssrlcv::Unity<<error-type>>> getRawMatches(ssrlcv::ptr::value<ssrlcv::Unity<<error-type>>>)"
(186): here

./include/MatchFactory.cuh(13): error: expected a declaration

./include/KDTree.cuh(60): warning: parsing restarts here after previous syntax error

./include/KDTree.cuh(93): error: vector is not a template

./include/KDTree.cuh(100): error: vector is not a template

./include/MatchFactory.cuh(205): error: identifier "Feature" is undefined

./include/MatchFactory.cuh(205): error: expected a ")"

./include/MatchFactory.cuh(210): error: identifier "Match" is undefined

./include/MatchFactory.cuh(210): error: identifier "Image" is undefined

./include/MatchFactory.cuh(210): error: expected a ")"

./include/MatchFactory.cuh(216): error: identifier "Match" is undefined

./include/MatchFactory.cuh(216): error: identifier "Image" is undefined

./include/MatchFactory.cuh(216): error: expected a ")"

./include/MatchFactory.cuh(221): error: identifier "DMatch" is undefined

./include/MatchFactory.cuh(221): error: identifier "Image" is undefined

./include/MatchFactory.cuh(221): error: expected a ")"

./include/MatchFactory.cuh(225): error: identifier "DMatch" is undefined

./include/MatchFactory.cuh(225): error: identifier "Image" is undefined

./include/MatchFactory.cuh(225): error: expected a ")"

./include/MatchFactory.cuh(230): error: identifier "DMatch" is undefined

./include/MatchFactory.cuh(230): error: identifier "Image" is undefined

./include/MatchFactory.cuh(230): error: expected a ")"

./include/MatchFactory.cuh(235): error: expected an identifier

./include/MatchFactory.cuh(235): error: identifier "Image" is undefined

./include/MatchFactory.cuh(235): error: expected a ")"

./include/MatchFactory.cuh(240): error: expected an identifier

./include/MatchFactory.cuh(240): error: identifier "Image" is undefined

./include/MatchFactory.cuh(240): error: expected a ")"

./include/MatchFactory.cuh(243): error: identifier "uint2_pair" is undefined

./include/MatchFactory.cuh(243): error: identifier "Image" is undefined

./include/MatchFactory.cuh(243): error: expected a ")"

./include/MatchFactory.cuh(244): error: identifier "uint2_pair" is undefined

./include/MatchFactory.cuh(244): error: identifier "Image" is undefined

./include/MatchFactory.cuh(244): error: expected a ")"

./include/MatchFactory.cuh(253): error: identifier "MatchSet" is undefined

./include/MatchFactory.cuh(253): error: identifier "Image" is undefined

./include/MatchFactory.cuh(253): error: expected a ")"

./include/MatchFactory.cuh(255): error: expected a declaration

./include/MatchFactory.cuh(257): error: identifier "Match" is undefined

./include/MatchFactory.cuh(258): error: identifier "Direction" is undefined

./include/MatchFactory.cuh(258): error: identifier "undefined" is undefined

./include/MatchFactory.cuh(264): error: identifier "Match" is undefined

./include/MatchFactory.cuh(265): error: declaration is incompatible with "void writeMatchFile(ssrlcv::ptr::value<ssrlcv::Unity<<error-type>>>, std::__cxx11::string, __nv_bool)"
(264): here

./include/MatchFactory.cuh(265): error: incomplete type is not allowed

./include/MatchFactory.cuh(265): error: identifier "MatchSet" is undefined

./include/MatchFactory.cuh(265): error: expected a ")"

./include/MatchFactory.cuh(266): error: identifier "Match" is undefined

./include/MatchFactory.cuh(292): error: identifier "Match" is undefined

./include/MatchFactory.cuh(292): error: identifier "Direction" is undefined

./include/MatchFactory.cuh(293): error: identifier "Match" is undefined

./include/MatchFactory.cuh(293): error: identifier "Direction" is undefined

./include/MatchFactory.cuh(298): error: identifier "Match" is undefined

./include/MatchFactory.cuh(302): error: identifier "Match" is undefined

./include/MatchFactory.cuh(306): error: identifier "Match" is undefined

./include/MatchFactory.cuh(310): error: identifier "Match" is undefined

./include/MatchFactory.cuh(316): error: identifier "DMatch" is undefined

./include/MatchFactory.cuh(320): error: identifier "DMatch" is undefined

./include/MatchFactory.cuh(324): error: identifier "DMatch" is undefined

./include/MatchFactory.cuh(328): error: identifier "DMatch" is undefined

./include/MatchFactory.cuh(332): error: KDTree is not a template

./include/MatchFactory.cuh(332): error: KDTree is not a template

./include/MatchFactory.cuh(333): error: identifier "DMatch" is undefined

./include/MatchFactory.cuh(336): error: KDTree is not a template

./include/MatchFactory.cuh(336): error: KDTree is not a template

./include/MatchFactory.cuh(337): error: identifier "DMatch" is undefined

./include/MatchFactory.cuh(362): error: identifier "uint2_pair" is undefined

./include/MatchFactory.cuh(366): error: identifier "uint2_pair" is undefined

./include/MatchFactory.cuh(13): error: expected a declaration

./include/KDTree.cuh(60): warning: parsing restarts here after previous syntax error

./include/KDTree.cuh(93): error: vector is not a template

./include/MatchFactory.cuh(370): error: identifier "uint2_pair" is undefined

./include/MatchFactory.cuh(374): error: identifier "uint2_pair" is undefined

./include/MatchFactory.cuh(388): error: expected a declaration

src/MatchFactory.cu(7): warning: parsing restarts here after previous syntax error

src/MatchFactory.cu(8): error: namespace "ssrlcv" has no tag member named "MatchFactory"

Error limit reached.
100 errors detected in the compilation of "/tmp/tmpxft_0000113f_00000000-6_MatchFactory.cpp1.ii".
Compilation terminated.
./include/KDTree.cuh(100): error: vector is not a template

./include/MatchFactory.cuh(13): error: expected a declaration

./include/KDTree.cuh(60): warning: parsing restarts here after previous syntax error

./include/KDTree.cuh(93): error: vector is not a template

./include/MatchFactory.cuh(15): error: expected a declaration

./include/MatchFactory.cuh(17): warning: a user-provided literal suffix must begin with "_"

./include/MatchFactory.cuh(46): warning: parsing restarts here after previous syntax error

./include/MatchFactory.cuh(47): error: explicit type is missing ("int" assumed)

./include/MatchFactory.cuh(47): error: expected a "{"

./include/MatchFactory.cuh(47): warning: missing return statement at end of non-void function "match_dist_thresholder"

./include/MatchFactory.cuh(49): error: "operator()" must be a member function

./include/MatchFactory.cuh(49): error: identifier "DMatch" is undefined

./include/MatchFactory.cuh(50): error: identifier "threshold" is undefined

./include/MatchFactory.cuh(52): error: expected a declaration

./include/MatchFactory.cuh(59): error: identifier "DMatch" is undefined

./include/MatchFactory.cuh(59): error: identifier "DMatch" is undefined

./include/MatchFactory.cuh(63): error: expected a declaration

./include/MatchFactory.cuh(110): warning: parsing restarts here after previous syntax error

./include/MatchFactory.cuh(119): error: identifier "Match" is undefined

./include/MatchFactory.cuh(127): error: identifier "DMatch" is undefined

./include/MatchFactory.cuh(135): error: declaration is incompatible with "void validateMatches(ssrlcv::ptr::value<ssrlcv::Unity<<error-type>>>)"
(119): here

./include/MatchFactory.cuh(135): error: incomplete type is not allowed

./include/MatchFactory.cuh(135): error: identifier "Unity" is undefined

./include/MatchFactory.cuh(135): error: identifier "FeatureMatch" is undefined

./include/MatchFactory.cuh(135): error: identifier "T" is undefined

./include/MatchFactory.cuh(135): error: identifier "matches" is undefined

./include/MatchFactory.cuh(143): error: identifier "uint2_pair" is undefined

./include/MatchFactory.cuh(143): error: declaration is incompatible with "<error-type> validateMatches"
(135): here

./include/MatchFactory.cuh(154): error: identifier "DMatch" is undefined

./include/MatchFactory.cuh(164): error: declaration is incompatible with "void refineMatches(ssrlcv::ptr::value<ssrlcv::Unity<<error-type>>>, float)"
(154): here

./include/MatchFactory.cuh(164): error: incomplete type is not allowed

./include/MatchFactory.cuh(164): error: expected a ")"

./include/MatchFactory.cuh(171): error: identifier "DMatch" is undefined

./include/MatchFactory.cuh(177): error: declaration is incompatible with "void sortMatches(ssrlcv::ptr::value<ssrlcv::Unity<<error-type>>>)"
(171): here

./include/MatchFactory.cuh(177): error: incomplete type is not allowed

./include/MatchFactory.cuh(186): error: identifier "Match" is undefined

./include/MatchFactory.cuh(186): error: identifier "DMatch" is undefined

./include/MatchFactory.cuh(195): error: identifier "Match" is undefined

./include/MatchFactory.cuh(195): error: declaration is incompatible with "ssrlcv::ptr::value<ssrlcv::Unity<<error-type>>> getRawMatches(ssrlcv::ptr::value<ssrlcv::Unity<<error-type>>>)"
(186): here

./include/KDTree.cuh(100): error: vector is not a template

./include/MatchFactory.cuh(205): error: identifier "Feature" is undefined

./include/MatchFactory.cuh(205): error: expected a ")"

./include/MatchFactory.cuh(210): error: identifier "Match" is undefined

./include/MatchFactory.cuh(210): error: identifier "Image" is undefined

./include/MatchFactory.cuh(210): error: expected a ")"

./include/MatchFactory.cuh(216): error: identifier "Match" is undefined

./include/MatchFactory.cuh(216): error: identifier "Image" is undefined

./include/MatchFactory.cuh(216): error: expected a ")"

./include/MatchFactory.cuh(221): error: identifier "DMatch" is undefined

./include/MatchFactory.cuh(221): error: identifier "Image" is undefined

./include/MatchFactory.cuh(221): error: expected a ")"

./include/MatchFactory.cuh(225): error: identifier "DMatch" is undefined

./include/MatchFactory.cuh(225): error: identifier "Image" is undefined

./include/MatchFactory.cuh(225): error: expected a ")"

./include/MatchFactory.cuh(230): error: identifier "DMatch" is undefined

./include/MatchFactory.cuh(230): error: identifier "Image" is undefined

./include/MatchFactory.cuh(230): error: expected a ")"

./include/MatchFactory.cuh(235): error: expected an identifier

./include/MatchFactory.cuh(235): error: identifier "Image" is undefined

./include/MatchFactory.cuh(235): error: expected a ")"

./include/MatchFactory.cuh(240): error: expected an identifier

./include/MatchFactory.cuh(240): error: identifier "Image" is undefined

./include/MatchFactory.cuh(240): error: expected a ")"

./include/MatchFactory.cuh(243): error: identifier "uint2_pair" is undefined

./include/MatchFactory.cuh(243): error: identifier "Image" is undefined

./include/MatchFactory.cuh(243): error: expected a ")"

./include/MatchFactory.cuh(244): error: identifier "uint2_pair" is undefined

./include/MatchFactory.cuh(244): error: identifier "Image" is undefined

./include/MatchFactory.cuh(244): error: expected a ")"

./include/MatchFactory.cuh(253): error: identifier "MatchSet" is undefined

./include/MatchFactory.cuh(253): error: identifier "Image" is undefined

./include/MatchFactory.cuh(253): error: expected a ")"

./include/MatchFactory.cuh(255): error: expected a declaration

./include/MatchFactory.cuh(257): error: identifier "Match" is undefined

./include/MatchFactory.cuh(258): error: identifier "Direction" is undefined

./include/MatchFactory.cuh(15): error: expected a declaration

./include/MatchFactory.cuh(17): warning: a user-provided literal suffix must begin with "_"

./include/MatchFactory.cuh(46): warning: parsing restarts here after previous syntax error

./include/MatchFactory.cuh(47): error: explicit type is missing ("int" assumed)

./include/MatchFactory.cuh(47): error: expected a "{"

./include/MatchFactory.cuh(47): warning: missing return statement at end of non-void function "match_dist_thresholder"

./include/MatchFactory.cuh(49): error: "operator()" must be a member function

./include/MatchFactory.cuh(49): error: identifier "DMatch" is undefined

./include/MatchFactory.cuh(50): error: identifier "threshold" is undefined

./include/MatchFactory.cuh(52): error: expected a declaration

./include/MatchFactory.cuh(59): error: identifier "DMatch" is undefined

./include/MatchFactory.cuh(59): error: identifier "DMatch" is undefined

./include/MatchFactory.cuh(63): error: expected a declaration

./include/MatchFactory.cuh(110): warning: parsing restarts here after previous syntax error

./include/MatchFactory.cuh(119): error: identifier "Match" is undefined

./include/MatchFactory.cuh(127): error: identifier "DMatch" is undefined

./include/MatchFactory.cuh(135): error: declaration is incompatible with "void validateMatches(ssrlcv::ptr::value<ssrlcv::Unity<<error-type>>>)"
(119): here

./include/MatchFactory.cuh(135): error: incomplete type is not allowed

./include/MatchFactory.cuh(135): error: identifier "Unity" is undefined

./include/MatchFactory.cuh(135): error: identifier "FeatureMatch" is undefined

./include/MatchFactory.cuh(135): error: identifier "T" is undefined

./include/MatchFactory.cuh(135): error: identifier "matches" is undefined

./include/MatchFactory.cuh(143): error: identifier "uint2_pair" is undefined

./include/MatchFactory.cuh(143): error: declaration is incompatible with "<error-type> validateMatches"
(135): here

./include/MatchFactory.cuh(154): error: identifier "DMatch" is undefined

./include/MatchFactory.cuh(164): error: declaration is incompatible with "void refineMatches(ssrlcv::ptr::value<ssrlcv::Unity<<error-type>>>, float)"
(154): here

./include/MatchFactory.cuh(164): error: incomplete type is not allowed

./include/MatchFactory.cuh(164): error: expected a ")"

./include/MatchFactory.cuh(171): error: identifier "DMatch" is undefined

./include/MatchFactory.cuh(177): error: declaration is incompatible with "void sortMatches(ssrlcv::ptr::value<ssrlcv::Unity<<error-type>>>)"
(171): here

./include/MatchFactory.cuh(177): error: incomplete type is not allowed

./include/MatchFactory.cuh(186): error: identifier "Match" is undefined

./include/MatchFactory.cuh(186): error: identifier "DMatch" is undefined

./include/MatchFactory.cuh(195): error: identifier "Match" is undefined

./include/MatchFactory.cuh(195): error: declaration is incompatible with "ssrlcv::ptr::value<ssrlcv::Unity<<error-type>>> getRawMatches(ssrlcv::ptr::value<ssrlcv::Unity<<error-type>>>)"
(186): here

./include/MatchFactory.cuh(258): error: identifier "undefined" is undefined

./include/MatchFactory.cuh(264): error: identifier "Match" is undefined

./include/MatchFactory.cuh(265): error: declaration is incompatible with "void writeMatchFile(ssrlcv::ptr::value<ssrlcv::Unity<<error-type>>>, std::__cxx11::string, __nv_bool)"
(264): here

./include/MatchFactory.cuh(265): error: incomplete type is not allowed

./include/MatchFactory.cuh(265): error: identifier "MatchSet" is undefined

./include/MatchFactory.cuh(265): error: expected a ")"

./include/MatchFactory.cuh(266): error: identifier "Match" is undefined

./include/MatchFactory.cuh(292): error: identifier "Match" is undefined

./include/MatchFactory.cuh(292): error: identifier "Direction" is undefined

./include/MatchFactory.cuh(293): error: identifier "Match" is undefined

./include/MatchFactory.cuh(293): error: identifier "Direction" is undefined

./include/MatchFactory.cuh(298): error: identifier "Match" is undefined

./include/MatchFactory.cuh(302): error: identifier "Match" is undefined

./include/MatchFactory.cuh(306): error: identifier "Match" is undefined

./include/MatchFactory.cuh(310): error: identifier "Match" is undefined

./include/MatchFactory.cuh(316): error: identifier "DMatch" is undefined

./include/MatchFactory.cuh(320): error: identifier "DMatch" is undefined

./include/MatchFactory.cuh(324): error: identifier "DMatch" is undefined

./include/MatchFactory.cuh(328): error: identifier "DMatch" is undefined

./include/MatchFactory.cuh(332): error: KDTree is not a template

./include/MatchFactory.cuh(332): error: KDTree is not a template

./include/MatchFactory.cuh(333): error: identifier "DMatch" is undefined

./include/MatchFactory.cuh(336): error: KDTree is not a template

./include/MatchFactory.cuh(336): error: KDTree is not a template

./include/MatchFactory.cuh(337): error: identifier "DMatch" is undefined

./include/MatchFactory.cuh(362): error: identifier "uint2_pair" is undefined

./include/MatchFactory.cuh(366): error: identifier "uint2_pair" is undefined

./include/MatchFactory.cuh(370): error: identifier "uint2_pair" is undefined

./include/MatchFactory.cuh(374): error: identifier "uint2_pair" is undefined

./include/MatchFactory.cuh(388): error: expected a declaration

/apps/eb/CUDA/10.0.130/bin/..//include/thrust/gather.h(213): warning: parsing restarts here after previous syntax error

/apps/eb/CUDA/10.0.130/bin/..//include/thrust/gather.h(438): error: expected a declaration

Error limit reached.
100 errors detected in the compilation of "/tmp/tmpxft_00001142_00000000-6_PointCloudFactory.cpp1.ii".
Compilation terminated.
./include/MatchFactory.cuh(205): error: identifier "Feature" is undefined

./include/MatchFactory.cuh(205): error: expected a ")"

./include/MatchFactory.cuh(210): error: identifier "Match" is undefined

./include/MatchFactory.cuh(210): error: identifier "Image" is undefined

./include/MatchFactory.cuh(210): error: expected a ")"

./include/MatchFactory.cuh(216): error: identifier "Match" is undefined

./include/MatchFactory.cuh(216): error: identifier "Image" is undefined

./include/MatchFactory.cuh(216): error: expected a ")"

./include/MatchFactory.cuh(221): error: identifier "DMatch" is undefined

./include/MatchFactory.cuh(221): error: identifier "Image" is undefined

./include/MatchFactory.cuh(221): error: expected a ")"

./include/MatchFactory.cuh(225): error: identifier "DMatch" is undefined

./include/MatchFactory.cuh(225): error: identifier "Image" is undefined

./include/MatchFactory.cuh(225): error: expected a ")"

./include/MatchFactory.cuh(230): error: identifier "DMatch" is undefined

./include/MatchFactory.cuh(230): error: identifier "Image" is undefined

./include/MatchFactory.cuh(230): error: expected a ")"

./include/MatchFactory.cuh(235): error: expected an identifier

./include/MatchFactory.cuh(235): error: identifier "Image" is undefined

./include/MatchFactory.cuh(235): error: expected a ")"

./include/MatchFactory.cuh(240): error: expected an identifier

./include/MatchFactory.cuh(240): error: identifier "Image" is undefined

./include/MatchFactory.cuh(240): error: expected a ")"

./include/MatchFactory.cuh(243): error: identifier "uint2_pair" is undefined

./include/MatchFactory.cuh(243): error: identifier "Image" is undefined

./include/MatchFactory.cuh(243): error: expected a ")"

./include/MatchFactory.cuh(244): error: identifier "uint2_pair" is undefined

./include/MatchFactory.cuh(244): error: identifier "Image" is undefined

./include/MatchFactory.cuh(244): error: expected a ")"

./include/MatchFactory.cuh(253): error: identifier "MatchSet" is undefined

./include/MatchFactory.cuh(253): error: identifier "Image" is undefined

./include/MatchFactory.cuh(253): error: expected a ")"

./include/MatchFactory.cuh(255): error: expected a declaration

./include/MatchFactory.cuh(257): error: identifier "Match" is undefined

./include/MatchFactory.cuh(258): error: identifier "Direction" is undefined

make: *** [obj/MatchFactory.cu.o] Error 1
make: *** Waiting for unfinished jobs....
./include/MatchFactory.cuh(15): error: expected a declaration

./include/MatchFactory.cuh(17): warning: a user-provided literal suffix must begin with "_"

./include/MatchFactory.cuh(46): warning: parsing restarts here after previous syntax error

./include/MatchFactory.cuh(47): error: explicit type is missing ("int" assumed)

./include/MatchFactory.cuh(47): error: expected a "{"

./include/MatchFactory.cuh(47): warning: missing return statement at end of non-void function "match_dist_thresholder"

./include/MatchFactory.cuh(49): error: "operator()" must be a member function

./include/MatchFactory.cuh(49): error: identifier "DMatch" is undefined

./include/MatchFactory.cuh(50): error: identifier "threshold" is undefined

./include/MatchFactory.cuh(52): error: expected a declaration

./include/MatchFactory.cuh(258): error: identifier "undefined" is undefined

./include/MatchFactory.cuh(264): error: identifier "Match" is undefined

./include/MatchFactory.cuh(265): error: declaration is incompatible with "void writeMatchFile(ssrlcv::ptr::value<ssrlcv::Unity<<error-type>>>, std::__cxx11::string, __nv_bool)"
(264): here

./include/MatchFactory.cuh(265): error: incomplete type is not allowed

./include/MatchFactory.cuh(265): error: identifier "MatchSet" is undefined

./include/MatchFactory.cuh(265): error: expected a ")"

./include/MatchFactory.cuh(266): error: identifier "Match" is undefined

./include/MatchFactory.cuh(292): error: identifier "Match" is undefined

./include/MatchFactory.cuh(292): error: identifier "Direction" is undefined

./include/MatchFactory.cuh(293): error: identifier "Match" is undefined

./include/MatchFactory.cuh(293): error: identifier "Direction" is undefined

./include/MatchFactory.cuh(298): error: identifier "Match" is undefined

./include/MatchFactory.cuh(302): error: identifier "Match" is undefined

./include/MatchFactory.cuh(306): error: identifier "Match" is undefined

./include/MatchFactory.cuh(310): error: identifier "Match" is undefined

./include/MatchFactory.cuh(316): error: identifier "DMatch" is undefined

./include/MatchFactory.cuh(320): error: identifier "DMatch" is undefined

./include/MatchFactory.cuh(324): error: identifier "DMatch" is undefined

./include/MatchFactory.cuh(328): error: identifier "DMatch" is undefined

./include/MatchFactory.cuh(332): error: KDTree is not a template

./include/MatchFactory.cuh(332): error: KDTree is not a template

./include/MatchFactory.cuh(333): error: identifier "DMatch" is undefined

./include/MatchFactory.cuh(336): error: KDTree is not a template

./include/MatchFactory.cuh(336): error: KDTree is not a template

./include/MatchFactory.cuh(337): error: identifier "DMatch" is undefined

./include/MatchFactory.cuh(362): error: identifier "uint2_pair" is undefined

./include/MatchFactory.cuh(366): error: identifier "uint2_pair" is undefined

./include/MatchFactory.cuh(370): error: identifier "uint2_pair" is undefined

./include/MatchFactory.cuh(374): error: identifier "uint2_pair" is undefined

./include/MatchFactory.cuh(388): error: expected a declaration

/apps/eb/CUDA/10.0.130/bin/..//include/thrust/gather.h(213): warning: parsing restarts here after previous syntax error

/apps/eb/CUDA/10.0.130/bin/..//include/thrust/gather.h(438): error: expected a declaration

Error limit reached.
100 errors detected in the compilation of "/tmp/tmpxft_00001148_00000000-6_Pipeline.cpp1.ii".
Compilation terminated.
./include/MatchFactory.cuh(59): error: identifier "DMatch" is undefined

./include/MatchFactory.cuh(59): error: identifier "DMatch" is undefined

./include/MatchFactory.cuh(63): error: expected a declaration

./include/MatchFactory.cuh(110): warning: parsing restarts here after previous syntax error

./include/MatchFactory.cuh(119): error: identifier "Match" is undefined

./include/MatchFactory.cuh(127): error: identifier "DMatch" is undefined

./include/MatchFactory.cuh(135): error: declaration is incompatible with "void validateMatches(ssrlcv::ptr::value<ssrlcv::Unity<<error-type>>>)"
(119): here

./include/MatchFactory.cuh(135): error: incomplete type is not allowed

./include/MatchFactory.cuh(135): error: identifier "Unity" is undefined

./include/MatchFactory.cuh(135): error: identifier "FeatureMatch" is undefined

./include/MatchFactory.cuh(135): error: identifier "T" is undefined

./include/MatchFactory.cuh(135): error: identifier "matches" is undefined

./include/MatchFactory.cuh(143): error: identifier "uint2_pair" is undefined

./include/MatchFactory.cuh(143): error: declaration is incompatible with "<error-type> validateMatches"
(135): here

./include/MatchFactory.cuh(154): error: identifier "DMatch" is undefined

./include/MatchFactory.cuh(164): error: declaration is incompatible with "void refineMatches(ssrlcv::ptr::value<ssrlcv::Unity<<error-type>>>, float)"
(154): here

./include/MatchFactory.cuh(164): error: incomplete type is not allowed

./include/MatchFactory.cuh(164): error: expected a ")"

./include/MatchFactory.cuh(171): error: identifier "DMatch" is undefined

./include/MatchFactory.cuh(177): error: declaration is incompatible with "void sortMatches(ssrlcv::ptr::value<ssrlcv::Unity<<error-type>>>)"
(171): here

./include/MatchFactory.cuh(177): error: incomplete type is not allowed

./include/MatchFactory.cuh(186): error: identifier "Match" is undefined

./include/MatchFactory.cuh(186): error: identifier "DMatch" is undefined

./include/MatchFactory.cuh(195): error: identifier "Match" is undefined

./include/MatchFactory.cuh(195): error: declaration is incompatible with "ssrlcv::ptr::value<ssrlcv::Unity<<error-type>>> getRawMatches(ssrlcv::ptr::value<ssrlcv::Unity<<error-type>>>)"
(186): here

./include/MatchFactory.cuh(205): error: identifier "Feature" is undefined

./include/MatchFactory.cuh(205): error: expected a ")"

./include/MatchFactory.cuh(210): error: identifier "Match" is undefined

./include/MatchFactory.cuh(210): error: identifier "Image" is undefined

./include/MatchFactory.cuh(210): error: expected a ")"

./include/MatchFactory.cuh(216): error: identifier "Match" is undefined

./include/MatchFactory.cuh(216): error: identifier "Image" is undefined

./include/MatchFactory.cuh(216): error: expected a ")"

./include/MatchFactory.cuh(221): error: identifier "DMatch" is undefined

./include/MatchFactory.cuh(221): error: identifier "Image" is undefined

./include/MatchFactory.cuh(221): error: expected a ")"

./include/MatchFactory.cuh(225): error: identifier "DMatch" is undefined

./include/MatchFactory.cuh(225): error: identifier "Image" is undefined

./include/MatchFactory.cuh(225): error: expected a ")"

./include/MatchFactory.cuh(230): error: identifier "DMatch" is undefined

./include/MatchFactory.cuh(230): error: identifier "Image" is undefined

./include/MatchFactory.cuh(230): error: expected a ")"

./include/MatchFactory.cuh(235): error: expected an identifier

./include/MatchFactory.cuh(235): error: identifier "Image" is undefined

./include/MatchFactory.cuh(235): error: expected a ")"

./include/MatchFactory.cuh(240): error: expected an identifier

./include/MatchFactory.cuh(240): error: identifier "Image" is undefined

./include/MatchFactory.cuh(240): error: expected a ")"

./include/MatchFactory.cuh(243): error: identifier "uint2_pair" is undefined

./include/MatchFactory.cuh(243): error: identifier "Image" is undefined

./include/MatchFactory.cuh(243): error: expected a ")"

./include/MatchFactory.cuh(244): error: identifier "uint2_pair" is undefined

./include/MatchFactory.cuh(244): error: identifier "Image" is undefined

./include/MatchFactory.cuh(244): error: expected a ")"

./include/MatchFactory.cuh(253): error: identifier "MatchSet" is undefined

./include/MatchFactory.cuh(253): error: identifier "Image" is undefined

./include/MatchFactory.cuh(253): error: expected a ")"

./include/MatchFactory.cuh(255): error: expected a declaration

./include/MatchFactory.cuh(257): error: identifier "Match" is undefined

./include/MatchFactory.cuh(258): error: identifier "Direction" is undefined

./include/MatchFactory.cuh(258): error: identifier "undefined" is undefined

./include/MatchFactory.cuh(264): error: identifier "Match" is undefined

./include/MatchFactory.cuh(265): error: declaration is incompatible with "void writeMatchFile(ssrlcv::ptr::value<ssrlcv::Unity<<error-type>>>, std::__cxx11::string, __nv_bool)"
(264): here

./include/MatchFactory.cuh(265): error: incomplete type is not allowed

./include/MatchFactory.cuh(265): error: identifier "MatchSet" is undefined

./include/MatchFactory.cuh(265): error: expected a ")"

./include/MatchFactory.cuh(266): error: identifier "Match" is undefined

./include/MatchFactory.cuh(292): error: identifier "Match" is undefined

./include/MatchFactory.cuh(292): error: identifier "Direction" is undefined

./include/MatchFactory.cuh(293): error: identifier "Match" is undefined

./include/MatchFactory.cuh(293): error: identifier "Direction" is undefined

./include/MatchFactory.cuh(298): error: identifier "Match" is undefined

./include/MatchFactory.cuh(302): error: identifier "Match" is undefined

./include/MatchFactory.cuh(306): error: identifier "Match" is undefined

./include/MatchFactory.cuh(310): error: identifier "Match" is undefined

./include/MatchFactory.cuh(316): error: identifier "DMatch" is undefined

./include/MatchFactory.cuh(320): error: identifier "DMatch" is undefined

./include/MatchFactory.cuh(324): error: identifier "DMatch" is undefined

./include/MatchFactory.cuh(328): error: identifier "DMatch" is undefined

./include/MatchFactory.cuh(332): error: KDTree is not a template

./include/MatchFactory.cuh(332): error: KDTree is not a template

./include/MatchFactory.cuh(333): error: identifier "DMatch" is undefined

./include/MatchFactory.cuh(336): error: KDTree is not a template

./include/MatchFactory.cuh(336): error: KDTree is not a template

./include/MatchFactory.cuh(337): error: identifier "DMatch" is undefined

./include/MatchFactory.cuh(362): error: identifier "uint2_pair" is undefined

./include/MatchFactory.cuh(366): error: identifier "uint2_pair" is undefined

./include/MatchFactory.cuh(370): error: identifier "uint2_pair" is undefined

./include/MatchFactory.cuh(374): error: identifier "uint2_pair" is undefined

./include/MatchFactory.cuh(388): error: expected a declaration

/apps/eb/CUDA/10.0.130/bin/..//include/thrust/gather.h(213): warning: parsing restarts here after previous syntax error

/apps/eb/CUDA/10.0.130/bin/..//include/thrust/gather.h(438): error: expected a declaration

Error limit reached.
100 errors detected in the compilation of "/tmp/tmpxft_0000114b_00000000-6_SFM.cpp1.ii".
Compilation terminated.
make: *** [obj/PointCloudFactory.cu.o] Error 1
make: *** [obj/Pipeline.cu.o] Error 1
make: *** [obj/SFM.cu.o] Error 1
